Flutter crash report.
Please report a bug at https://github.com/flutter/flutter/issues.

## command

flutter run

## exception

FileSystemException: FileSystemException: Creation of temporary directory failed, path = 'C:\Users\freez\AppData\Local\Temp\flutter_tools.' (OS Error: Access is denied.
, errno = 5)

```
#0      _Directory.createTempSync (dart:io/directory_impl.dart:181:7)
#1      ForwardingDirectory.createTempSync (package:file/src/forwarding/forwarding_directory.dart:28:21)
#2      LocalFileSystem.systemTempDirectory (package:flutter_tools/src/base/file_system.dart:206:47)
#3      ForwardingFileSystem.systemTempDirectory (package:file/src/forwarding/forwarding_file_system.dart:33:49)
#4      new ResidentRunner (package:flutter_tools/src/resident_runner.dart:775:24)
#5      new HotRunner (package:flutter_tools/src/run_hot.dart:84:8)
#6      RunCommand.createRunner (package:flutter_tools/src/commands/run.dart:480:14)
<asynchronous suspension>
#7      RunCommand.runCommand (package:flutter_tools/src/commands/run.dart:621:35)
<asynchronous suspension>
#8      FlutterCommand.run.<anonymous closure> (package:flutter_tools/src/runner/flutter_command.dart:1043:27)
<asynchronous suspension>
#9      AppContext.run.<anonymous closure> (package:flutter_tools/src/base/context.dart:150:19)
<asynchronous suspension>
#10     CommandRunner.runCommand (package:args/command_runner.dart:196:13)
<asynchronous suspension>
#11     FlutterCommandRunner.runCommand.<anonymous closure> (package:flutter_tools/src/runner/flutter_command_runner.dart:284:9)
<asynchronous suspension>
#12     AppContext.run.<anonymous closure> (package:flutter_tools/src/base/context.dart:150:19)
<asynchronous suspension>
#13     FlutterCommandRunner.runCommand (package:flutter_tools/src/runner/flutter_command_runner.dart:232:5)
<asynchronous suspension>
#14     run.<anonymous closure>.<anonymous closure> (package:flutter_tools/runner.dart:62:9)
<asynchronous suspension>
#15     AppContext.run.<anonymous closure> (package:flutter_tools/src/base/context.dart:150:19)
<asynchronous suspension>
#16     main (package:flutter_tools/executable.dart:91:3)
<asynchronous suspension>
```

## flutter doctor

```
[✓] Flutter (Channel stable, 2.2.3, on Microsoft Windows [Version 10.0.19044.1415], locale en-US)
    • Flutter version 2.2.3 at C:\flutter
    • Framework revision f4abaa0735 (6 months ago), 2021-07-01 12:46:11 -0700
    • Engine revision 241c87ad80
    • Dart version 2.13.4

[✓] Android toolchain - develop for Android devices (Android SDK version 30.0.3)
    • Android SDK at C:\Android\Sdk
    • Platform android-30, build-tools 30.0.3
    • ANDROID_HOME = C:\Android\Sdk
    • Java binary at: C:\Program Files\Java\jdk1.8.0_291\bin\java
    • Java version Java(TM) SE Runtime Environment (build 1.8.0_291-b10)
    • All Android licenses accepted.

[✓] Chrome - develop for the web
    • Chrome at C:\Program Files\Google\Chrome\Application\chrome.exe

[!] Android Studio (not installed)
    • Android Studio not found; download from https://developer.android.com/studio/index.html
      (or visit https://flutter.dev/docs/get-started/install/windows#android-setup for detailed instructions).

[✓] IntelliJ IDEA Community Edition (version 2021.1)
    • IntelliJ at C:\Program Files\JetBrains\IntelliJ IDEA Community Edition 2021.1.2
    • Flutter plugin can be installed from:
      🔨 https://plugins.jetbrains.com/plugin/9212-flutter
    • Dart plugin can be installed from:
      🔨 https://plugins.jetbrains.com/plugin/6351-dart

[✓] VS Code (version 1.63.2)
    • VS Code at C:\Users\freez\AppData\Local\Programs\Microsoft VS Code
    • Flutter extension version 3.32.0

[✓] Connected device (3 available)
    • sdk gphone x86 (mobile) • emulator-5554 • android-x86    • Android 11 (API 30) (emulator)
    • Chrome (web)            • chrome        • web-javascript • Google Chrome 97.0.4692.71
    • Edge (web)              • edge          • web-javascript • Microsoft Edge 96.0.1054.62

! Doctor found issues in 1 category.
```
